[1] "Data loading ..."
1048575 mutations 
[1] "processing ..."
KRAS...DiffInVEx gene data 
KRAS...DiffInVEx mutation table 
CTNNB1...DiffInVEx gene data 
CTNNB1...DiffInVEx mutation table 
APC...DiffInVEx gene data 
APC...DiffInVEx mutation table 
SMAD4...DiffInVEx gene data 
SMAD4...DiffInVEx mutation table 
BRAF...DiffInVEx gene data 
BRAF...DiffInVEx mutation table 
TP53...DiffInVEx gene data 
TP53...DiffInVEx mutation table 
KEAP1...DiffInVEx gene data 
KEAP1...DiffInVEx mutation table 
NIPBL...DiffInVEx gene data 
NIPBL...DiffInVEx mutation table 
FBXW7...DiffInVEx gene data 
FBXW7...DiffInVEx mutation table 
CTNNA2...DiffInVEx gene data 
CTNNA2...DiffInVEx mutation table 
ABI1...DiffInVEx gene data 
ABI1...DiffInVEx mutation table 
ABL2...DiffInVEx gene data 
ABL2...DiffInVEx mutation table 
KRAS...DiffInVEx selection coefficients 
TP53...DiffInVEx selection coefficients 
VHL...DiffInVEx gene data 
VHL...DiffInVEx mutation table 
ABI1...DiffInVEx selection coefficients 
PIK3CA...DiffInVEx gene data 
PIK3CA...DiffInVEx mutation table 
STK11...DiffInVEx gene data 
STK11...DiffInVEx mutation table 
ABL2...DiffInVEx selection coefficients 
PDGFRA...DiffInVEx gene data 
PDGFRA...DiffInVEx mutation table 
A1CF...DiffInVEx gene data 
A1CF...DiffInVEx mutation table 
ABL1...DiffInVEx gene data 
ABL1...DiffInVEx mutation table 
ACSL3...DiffInVEx gene data 
ACSL3...DiffInVEx mutation table 
ACSL6...DiffInVEx gene data 
ACSL6...DiffInVEx mutation table 
ACVR1...DiffInVEx gene data 
ACVR1...DiffInVEx mutation table 
ACVR2A...DiffInVEx gene data 
ACVR2A...DiffInVEx mutation table 
AFF1...DiffInVEx gene data 
AFF1...DiffInVEx mutation table 
AFF3...DiffInVEx gene data 
AFF3...DiffInVEx mutation table 
AJUBA...DiffInVEx gene data 
AJUBA...DiffInVEx mutation table 
AKAP9...DiffInVEx gene data 
AKAP9...DiffInVEx mutation table 
A1CF...DiffInVEx selection coefficients 
AKT1...DiffInVEx gene data 
AKT1...DiffInVEx mutation table 
ALB...DiffInVEx gene data 
ALB...DiffInVEx mutation table 
APOB...DiffInVEx gene data 
APOB...DiffInVEx mutation table 
ACKR3...DiffInVEx gene data 
ACKR3...DiffInVEx mutation table 
AJUBA...DiffInVEx selection coefficients 
ARHGAP5...DiffInVEx gene data 
ARHGAP5...DiffInVEx mutation table 
ACVR1B...DiffInVEx gene data 
ACVR1B...DiffInVEx mutation table 
AKT1...DiffInVEx selection coefficients 
AKT3...DiffInVEx gene data 
AKT3...DiffInVEx mutation table 
ARHGAP5...DiffInVEx selection coefficients 
ALDH2...DiffInVEx gene data 
ALDH2...DiffInVEx mutation table 
ACVR1B...DiffInVEx selection coefficients 
ARID1A...DiffInVEx gene data 
ARID1A...DiffInVEx mutation table 
ALDH2...DiffInVEx selection coefficients 
AKT3...DiffInVEx selection coefficients 
AFF4...DiffInVEx gene data 
AFF4...DiffInVEx mutation table 
AKT2...DiffInVEx gene data 
AKT2...DiffInVEx mutation table 
ALK...DiffInVEx gene data 
ALK...DiffInVEx mutation table 
APOBEC3B...DiffInVEx gene data 
APOBEC3B...DiffInVEx mutation table 
ANK1...DiffInVEx gene data 
ANK1...DiffInVEx mutation table 
ARHGAP26...DiffInVEx gene data 
ARHGAP26...DiffInVEx mutation table 
ARHGEF10...DiffInVEx gene data 
ARHGEF10...DiffInVEx mutation table 
ARHGAP35...DiffInVEx gene data 
ARHGAP35...DiffInVEx mutation table 
ARID1A...DiffInVEx selection coefficients 
ARHGEF10L...DiffInVEx gene data 
ARHGEF10L...DiffInVEx mutation table 
ARID1B...DiffInVEx gene data 
ARID1B...DiffInVEx mutation table 
ARHGEF12...DiffInVEx gene data 
ARHGEF12...DiffInVEx mutation table 
ASPSCR1...DiffInVEx gene data 
ASPSCR1...DiffInVEx mutation table 
ATF7IP...DiffInVEx gene data 
ATF7IP...DiffInVEx mutation table 
ARNT...DiffInVEx gene data 
ARNT...DiffInVEx mutation table 
ARHGEF10L...DiffInVEx selection coefficients 
ARHGEF12...DiffInVEx selection coefficients 
ATF7IP...DiffInVEx selection coefficients 
ARID2...DiffInVEx gene data 
ARID2...DiffInVEx mutation table 
ARNT...DiffInVEx selection coefficients 
ARID5B...DiffInVEx gene data 
ARID5B...DiffInVEx mutation table 
ATF1...DiffInVEx gene data 
ATR...DiffInVEx gene data 
ATF1...DiffInVEx mutation table 
ATR...DiffInVEx mutation table 
ARID2...DiffInVEx selection coefficients 
B2M...DiffInVEx gene data 
B2M...DiffInVEx mutation table 
ARID5B...DiffInVEx selection coefficients 
ATF1...DiffInVEx selection coefficients 
ASXL1...DiffInVEx gene data 
ASXL1...DiffInVEx mutation table 
ASXL2...DiffInVEx gene data 
ASXL2...DiffInVEx mutation table 
B2M...DiffInVEx selection coefficients 
ATIC...DiffInVEx gene data 
ATIC...DiffInVEx mutation table 
ATM...DiffInVEx gene data 
ATM...DiffInVEx mutation table 
ATP1A1...DiffInVEx gene data 
ATP1A1...DiffInVEx mutation table 
ATXN3...DiffInVEx gene data 
ATXN3...DiffInVEx mutation table 
BAZ1A...DiffInVEx gene data 
BAZ1A...DiffInVEx mutation table 
ATXN3...DiffInVEx selection coefficients 
ATM...DiffInVEx selection coefficients 
BAZ1A...DiffInVEx selection coefficients 
BAP1...DiffInVEx gene data 
BAP1...DiffInVEx mutation table 
AXIN1...DiffInVEx gene data 
AXIN1...DiffInVEx mutation table 
BCL10...DiffInVEx gene data 
BCL10...DiffInVEx mutation table 
BCL2L12...DiffInVEx gene data 
BCL2L12...DiffInVEx mutation table 
BCL9L...DiffInVEx gene data 
BCL9L...DiffInVEx mutation table 
AXIN1...DiffInVEx selection coefficients 
BCL10...DiffInVEx selection coefficients 
BARD1...DiffInVEx gene data 
BARD1...DiffInVEx mutation table 
BCL9L...DiffInVEx selection coefficients 
BCL11B...DiffInVEx gene data 
BCL11B...DiffInVEx mutation table 
BCL3...DiffInVEx gene data 
BCL3...DiffInVEx mutation table 
BCLAF1...DiffInVEx gene data 
BCLAF1...DiffInVEx mutation table 
BIRC6...DiffInVEx gene data 
BIRC6...DiffInVEx mutation table 
BLM...DiffInVEx gene data 
BLM...DiffInVEx mutation table 
BRCA1...DiffInVEx gene data 
BRCA1...DiffInVEx mutation table 
BCL11B...DiffInVEx selection coefficients 
BCL7A...DiffInVEx gene data 
BCL7A...DiffInVEx mutation table 
BLM...DiffInVEx selection coefficients 
BRCA1...DiffInVEx selection coefficients 
BRCA2...DiffInVEx gene data 
BRCA2...DiffInVEx mutation table 
BRD7...DiffInVEx gene data 
BRD7...DiffInVEx mutation table 
BCL7A...DiffInVEx selection coefficients 
BRCA2...DiffInVEx selection coefficients 
BCR...DiffInVEx gene data 
BCR...DiffInVEx mutation table 
BRD7...DiffInVEx selection coefficients 
BMP5...DiffInVEx gene data 
BMP5...DiffInVEx mutation table 
BRD3...DiffInVEx gene data 
BRD3...DiffInVEx mutation table 
BRIP1...DiffInVEx gene data 
BRIP1...DiffInVEx mutation table 
ATP1A1...DiffInVEx selection coefficients 
BUB1B...DiffInVEx gene data 
BUB1B...DiffInVEx mutation table 
BTG1...DiffInVEx gene data 
BTG1...DiffInVEx mutation table 
C15orf65...DiffInVEx gene data 
C15orf65...DiffInVEx mutation table 
AXIN2...DiffInVEx gene data 
AXIN2...DiffInVEx mutation table 
BAX...DiffInVEx gene data 
BAX...DiffInVEx mutation table 
BTG1...DiffInVEx selection coefficients 
BUB1B...DiffInVEx selection coefficients 
BCL2...DiffInVEx gene data 
BCL2...DiffInVEx mutation table 
C15orf65...DiffInVEx selection coefficients 
BCL9...DiffInVEx gene data 
BCL9...DiffInVEx mutation table 
CALR...DiffInVEx gene data 
CALR...DiffInVEx mutation table 
CACNA1A...DiffInVEx gene data 
CACNA1A...DiffInVEx mutation table 
CAMTA1...DiffInVEx gene data 
CAMTA1...DiffInVEx mutation table 
CARS...DiffInVEx gene data 
CARS...DiffInVEx mutation table 
CANT1...DiffInVEx gene data 
CANT1...DiffInVEx mutation table 
CASP8...DiffInVEx gene data 
CASP8...DiffInVEx mutation table 
BCL9...DiffInVEx selection coefficients 
CBL...DiffInVEx gene data 
CBL...DiffInVEx mutation table 
CAMTA1...DiffInVEx selection coefficients 
CARS...DiffInVEx selection coefficients 
BIRC3...DiffInVEx gene data 
BIRC3...DiffInVEx mutation table 
CASP3...DiffInVEx gene data 
CASP3...DiffInVEx mutation table 
CBFA2T3...DiffInVEx gene data 
CBFA2T3...DiffInVEx mutation table 
CBFB...DiffInVEx gene data 
CBFB...DiffInVEx mutation table 
CBL...DiffInVEx selection coefficients 
BIRC3...DiffInVEx selection coefficients 
CCNB1IP1...DiffInVEx gene data 
CCNB1IP1...DiffInVEx mutation table 
CBFA2T3...DiffInVEx selection coefficients 
BMPR1A...DiffInVEx gene data 
BMPR1A...DiffInVEx mutation table 
CBFB...DiffInVEx selection coefficients 
CBLC...DiffInVEx gene data 
CBLC...DiffInVEx mutation table 
CCDC6...DiffInVEx gene data 
CCDC6...DiffInVEx mutation table 
CCNB1IP1...DiffInVEx selection coefficients 
CCND1...DiffInVEx gene data 
CCND1...DiffInVEx mutation table 
BMPR1A...DiffInVEx selection coefficients 
CCND3...DiffInVEx gene data 
CCND3...DiffInVEx mutation table 
CCDC6...DiffInVEx selection coefficients 
CCND1...DiffInVEx selection coefficients 
CD209...DiffInVEx gene data 
BRD4...DiffInVEx gene data 
CD209...DiffInVEx mutation table 
BRD4...DiffInVEx mutation table 
CDC73...DiffInVEx gene data 
CDC73...DiffInVEx mutation table 
BTG2...DiffInVEx gene data 
BTG2...DiffInVEx mutation table 
CCND2...DiffInVEx gene data 
CCND2...DiffInVEx mutation table 
CCR4...DiffInVEx gene data 
CCR4...DiffInVEx mutation table 
CD28...DiffInVEx gene data 
CD28...DiffInVEx mutation table 
CDH10...DiffInVEx gene data 
CDH10...DiffInVEx mutation table 
CDK4...DiffInVEx gene data 
CDK4...DiffInVEx mutation table 
CDC73...DiffInVEx selection coefficients 
BTG2...DiffInVEx selection coefficients 
CCND2...DiffInVEx selection coefficients 
CDH17...DiffInVEx gene data 
CDH17...DiffInVEx mutation table 
CCR7...DiffInVEx gene data 
CCR7...DiffInVEx mutation table 
CACNA1D...DiffInVEx gene data 
CACNA1D...DiffInVEx mutation table 
CDKN1A...DiffInVEx gene data 
CDKN1A...DiffInVEx mutation table 
CDK4...DiffInVEx selection coefficients 
CARD11...DiffInVEx gene data 
CARD11...DiffInVEx mutation table 
CDX2...DiffInVEx gene data 
CDX2...DiffInVEx mutation table 
CASP9...DiffInVEx gene data 
CASP9...DiffInVEx mutation table 
CDKN2A...DiffInVEx gene data 
CDKN2A...DiffInVEx mutation table 
CCR7...DiffInVEx selection coefficients 
CEP89...DiffInVEx gene data 
CEP89...DiffInVEx mutation table 
CDX2...DiffInVEx selection coefficients 
CHD4...DiffInVEx gene data 
CHD4...DiffInVEx mutation table 
CD70...DiffInVEx gene data 
CD70...DiffInVEx mutation table 
CDH11...DiffInVEx gene data 
CDH11...DiffInVEx mutation table 
CASP9...DiffInVEx selection coefficients 
CHD2...DiffInVEx gene data 
CHD2...DiffInVEx mutation table 
CBLB...DiffInVEx gene data 
CBLB...DiffInVEx mutation table 
CHD4...DiffInVEx selection coefficients 
CCNC...DiffInVEx gene data 
CCNC...DiffInVEx mutation table 
CDH11...DiffInVEx selection coefficients 
CHD2...DiffInVEx selection coefficients 
CCNE1...DiffInVEx gene data 
CCNE1...DiffInVEx mutation table 
CHST11...DiffInVEx gene data 
CHST11...DiffInVEx mutation table 
CD274...DiffInVEx gene data 
CD274...DiffInVEx mutation table 
CDK6...DiffInVEx gene data 
CDK6...DiffInVEx mutation table 
CDH1...DiffInVEx gene data 
CHEK2...DiffInVEx gene data 
CDH1...DiffInVEx mutation table 
CHEK2...DiffInVEx mutation table 
CDKN2C...DiffInVEx gene data 
CDKN2C...DiffInVEx mutation table 
CIITA...DiffInVEx gene data 
CIITA...DiffInVEx mutation table 
CHST11...DiffInVEx selection coefficients 
CDH1...DiffInVEx selection coefficients 
CLP1...DiffInVEx gene data 
CLP1...DiffInVEx mutation table 
CDKN2C...DiffInVEx selection coefficients 
CIITA...DiffInVEx selection coefficients 
CDK12...DiffInVEx gene data 
CDK12...DiffInVEx mutation table 
CHCHD7...DiffInVEx gene data 
CHCHD7...DiffInVEx mutation table 
CLTCL1...DiffInVEx gene data 
CLTCL1...DiffInVEx mutation table 
CHD8...DiffInVEx gene data 
CHD8...DiffInVEx mutation table 
CLP1...DiffInVEx selection coefficients 
CNTNAP2...DiffInVEx gene data 
CNTNAP2...DiffInVEx mutation table 
COL3A1...DiffInVEx gene data 
COL3A1...DiffInVEx mutation table 
CDK12...DiffInVEx selection coefficients 
CREB3L1...DiffInVEx gene data 
CNBP...DiffInVEx gene data 
CREB3L1...DiffInVEx mutation table 
CNBP...DiffInVEx mutation table 
COL1A1...DiffInVEx gene data 
COL1A1...DiffInVEx mutation table 
CDKN1B...DiffInVEx gene data 
CDKN1B...DiffInVEx mutation table 
CPEB3...DiffInVEx gene data 
CPEB3...DiffInVEx mutation table 
CREB3L1...DiffInVEx selection coefficients 
CDKN1B...DiffInVEx selection coefficients 
CPEB3...DiffInVEx selection coefficients 
CRNKL1...DiffInVEx gene data 
CRNKL1...DiffInVEx mutation table 
CSF1R...DiffInVEx gene data 
CSF1R...DiffInVEx mutation table 
CEBPA...DiffInVEx gene data 
CEBPA...DiffInVEx mutation table 
CREB3L3...DiffInVEx gene data 
CREB3L3...DiffInVEx mutation table 
CTNND1...DiffInVEx gene data 
CTNND1...DiffInVEx mutation table 
CHD3...DiffInVEx gene data 
CHD3...DiffInVEx mutation table 
CRTC3...DiffInVEx gene data 
CRTC3...DiffInVEx mutation table 
CTNND1...DiffInVEx selection coefficients 
CHD3...DiffInVEx selection coefficients 
CRTC3...DiffInVEx selection coefficients 
CUX1...DiffInVEx gene data 
CUX1...DiffInVEx mutation table 
CHIC2...DiffInVEx gene data 
CHIC2...DiffInVEx mutation table 
CYSLTR2...DiffInVEx gene data 
CYSLTR2...DiffInVEx mutation table 
CSMD3...DiffInVEx gene data 
CSMD3...DiffInVEx mutation table 
CLIP1...DiffInVEx gene data 
CLIP1...DiffInVEx mutation table 
CUL1...DiffInVEx gene data 
CUL1...DiffInVEx mutation table 
CYLD...DiffInVEx gene data 
CYLD...DiffInVEx mutation table 
CYSLTR2...DiffInVEx selection coefficients 
CLIP1...DiffInVEx selection coefficients 
CYLD...DiffInVEx selection coefficients 
DCC...DiffInVEx gene data 
DCC...DiffInVEx mutation table 
CNBD1...DiffInVEx gene data 
CNBD1...DiffInVEx mutation table 
DDR2...DiffInVEx gene data 
DDR2...DiffInVEx mutation table 
CNTRL...DiffInVEx gene data 
CNTRL...DiffInVEx mutation table 
DAXX...DiffInVEx gene data 
DAXX...DiffInVEx mutation table 
COL5A1...DiffInVEx gene data 
COL5A1...DiffInVEx mutation table 
DDB2...DiffInVEx gene data 
DDB2...DiffInVEx mutation table 
CREB3L2...DiffInVEx gene data 
CREB3L2...DiffInVEx mutation table 
CHD8...DiffInVEx selection coefficients 
CRTC1...DiffInVEx gene data 
CRTC1...DiffInVEx mutation table 
DDR2...DiffInVEx selection coefficients 
CSF3R...DiffInVEx gene data 
CSF3R...DiffInVEx mutation table 
DDB2...DiffInVEx selection coefficients 
CIC...DiffInVEx gene data 
CIC...DiffInVEx mutation table 
DEK...DiffInVEx gene data 
DEK...DiffInVEx mutation table 
CLTC...DiffInVEx gene data 
CLTC...DiffInVEx mutation table 
DNAJB1...DiffInVEx gene data 
DNAJB1...DiffInVEx mutation table 
CNOT3...DiffInVEx gene data 
CNOT3...DiffInVEx mutation table 
DDX5...DiffInVEx gene data 
DDX5...DiffInVEx mutation table 
CSF3R...DiffInVEx selection coefficients 
EBF1...DiffInVEx gene data 
EBF1...DiffInVEx mutation table 
COL2A1...DiffInVEx gene data 
COL2A1...DiffInVEx mutation table 
DHX9...DiffInVEx gene data 
DHX9...DiffInVEx mutation table 
EGFR...DiffInVEx gene data 
EGFR...DiffInVEx mutation table 
ELF3...DiffInVEx gene data 
ELF3...DiffInVEx mutation table 
CTNND2...DiffInVEx gene data 
CTNND2...DiffInVEx mutation table 
CXCR4...DiffInVEx gene data 
CXCR4...DiffInVEx mutation table 
COL2A1...DiffInVEx selection coefficients 
DACH1...DiffInVEx gene data 
DACH1...DiffInVEx mutation table 
DHX9...DiffInVEx selection coefficients 
CREB1...DiffInVEx gene data 
CREB1...DiffInVEx mutation table 
CREBBP...DiffInVEx gene data 
CREBBP...DiffInVEx mutation table 
DNMT3A...DiffInVEx gene data 
DNMT3A...DiffInVEx mutation table 
DACH1...DiffInVEx selection coefficients 
EED...DiffInVEx gene data 
EED...DiffInVEx mutation table 
CREBBP...DiffInVEx selection coefficients 
DCTN1...DiffInVEx gene data 
DCTN1...DiffInVEx mutation table 
DDX10...DiffInVEx gene data 
DDX10...DiffInVEx mutation table 
EED...DiffInVEx selection coefficients 
CSDE1...DiffInVEx gene data 
CSDE1...DiffInVEx mutation table 
EIF3E...DiffInVEx gene data 
EIF3E...DiffInVEx mutation table 
DDX10...DiffInVEx selection coefficients 
ELL...DiffInVEx gene data 
ELL...DiffInVEx mutation table 
EPAS1...DiffInVEx gene data 
EPAS1...DiffInVEx mutation table 
CSDE1...DiffInVEx selection coefficients 
EPS15...DiffInVEx gene data 
EPS15...DiffInVEx mutation table 
DGCR8...DiffInVEx gene data 
DGCR8...DiffInVEx mutation table 
DNM2...DiffInVEx gene data 
DNM2...DiffInVEx mutation table 
CTCF...DiffInVEx gene data 
CTCF...DiffInVEx mutation table 
ECT2L...DiffInVEx gene data 
ECT2L...DiffInVEx mutation table 
EGR3...DiffInVEx gene data 
EGR3...DiffInVEx mutation table 
EPS15...DiffInVEx selection coefficients 
ELK4...DiffInVEx gene data 
ELK4...DiffInVEx mutation table 
CTCF...DiffInVEx selection coefficients 
ERC1...DiffInVEx gene data 
ERC1...DiffInVEx mutation table 
CUL3...DiffInVEx gene data 
CUL3...DiffInVEx mutation table 
ELK4...DiffInVEx selection coefficients 
CYP2C8...DiffInVEx gene data 
CYP2C8...DiffInVEx mutation table 
ERC1...DiffInVEx selection coefficients 
EP300...DiffInVEx gene data 
EP300...DiffInVEx mutation table 
EPHA7...DiffInVEx gene data 
EPHA7...DiffInVEx mutation table 
ERCC5...DiffInVEx gene data 
ERCC5...DiffInVEx mutation table 
ERBB4...DiffInVEx gene data 
ERBB4...DiffInVEx mutation table 
ELF3...DiffInVEx selection coefficients 
CYP2C8...DiffInVEx selection coefficients 
ERCC4...DiffInVEx gene data 
ERCC4...DiffInVEx mutation table 
EML4...DiffInVEx gene data 
EML4...DiffInVEx mutation table 
DAZAP1...DiffInVEx gene data 
DAZAP1...DiffInVEx mutation table 
EPHA3...DiffInVEx gene data 
ERCC5...DiffInVEx selection coefficients 
EPHA3...DiffInVEx mutation table 
DDIT3...DiffInVEx gene data 
DDIT3...DiffInVEx mutation table 
ERBB3...DiffInVEx gene data 
ERBB3...DiffInVEx mutation table 
ERCC4...DiffInVEx selection coefficients 
ETV1...DiffInVEx gene data 
ETV1...DiffInVEx mutation table 
EWSR1...DiffInVEx gene data 
EWSR1...DiffInVEx mutation table 
ETNK1...DiffInVEx gene data 
ETNK1...DiffInVEx mutation table 
ERBB3...DiffInVEx selection coefficients 
EZR...DiffInVEx gene data 
EZR...DiffInVEx mutation table 
DDIT3...DiffInVEx selection coefficients 
FANCA...DiffInVEx gene data 
FANCA...DiffInVEx mutation table 
ERCC3...DiffInVEx gene data 
ERCC3...DiffInVEx mutation table 
DDX6...DiffInVEx gene data 
DDX6...DiffInVEx mutation table 
ETNK1...DiffInVEx selection coefficients 
ESR1...DiffInVEx gene data 
ESR1...DiffInVEx mutation table 
ETV5...DiffInVEx gene data 
ETV5...DiffInVEx mutation table 
FANCA...DiffInVEx selection coefficients 
ETV6...DiffInVEx gene data 
ETV6...DiffInVEx mutation table 
EXT2...DiffInVEx gene data 
EXT2...DiffInVEx mutation table 
DDX6...DiffInVEx selection coefficients 
FANCF...DiffInVEx gene data 
FANCF...DiffInVEx mutation table 
DICER1...DiffInVEx gene data 
DICER1...DiffInVEx mutation table 
ETV6...DiffInVEx selection coefficients 
EXT2...DiffInVEx selection coefficients 
EZH2...DiffInVEx gene data 
EZH2...DiffInVEx mutation table 
FANCF...DiffInVEx selection coefficients 
FAM135B...DiffInVEx gene data 
FAM135B...DiffInVEx mutation table 
FAM46C...DiffInVEx gene data 
FAM46C...DiffInVEx mutation table 
DICER1...DiffInVEx selection coefficients 
FANCD2...DiffInVEx gene data 
FANCD2...DiffInVEx mutation table 
FAS...DiffInVEx gene data 
FAS...DiffInVEx mutation table 
FAT3...DiffInVEx gene data 
FAT3...DiffInVEx mutation table 
DROSHA...DiffInVEx gene data 
DROSHA...DiffInVEx mutation table 
EEF2...DiffInVEx gene data 
EEF2...DiffInVEx mutation table 
FAM46C...DiffInVEx selection coefficients 
EIF4A2...DiffInVEx gene data 
EIF4A2...DiffInVEx mutation table 
ELN...DiffInVEx gene data 
ELN...DiffInVEx mutation table 
FAS...DiffInVEx selection coefficients 
FAT3...DiffInVEx selection coefficients 
FANCE...DiffInVEx gene data 
FANCE...DiffInVEx mutation table 
EPHA2...DiffInVEx gene data 
EPHA2...DiffInVEx mutation table 
FAT1...DiffInVEx gene data 
FAT1...DiffInVEx mutation table 
FCRL4...DiffInVEx gene data 
FCRL4...DiffInVEx mutation table 
FBLN2...DiffInVEx gene data 
FBLN2...DiffInVEx mutation table 
FBXO11...DiffInVEx gene data 
FBXO11...DiffInVEx mutation table 
FES...DiffInVEx gene data 
FES...DiffInVEx mutation table 
FEV...DiffInVEx gene data 
FEV...DiffInVEx mutation table 
EPHA2...DiffInVEx selection coefficients 
FGFR3...DiffInVEx gene data 
FGFR3...DiffInVEx mutation table 
FIP1L1...DiffInVEx gene data 
FIP1L1...DiffInVEx mutation table 
ERBB2...DiffInVEx gene data 
ERBB2...DiffInVEx mutation table 
FES...DiffInVEx selection coefficients 
FLT3...DiffInVEx gene data 
FLT3...DiffInVEx mutation table 
FGFR2...DiffInVEx gene data 
FGFR2...DiffInVEx mutation table 
ERBB2...DiffInVEx selection coefficients 
FLT3...DiffInVEx selection coefficients 
ERCC2...DiffInVEx gene data 
ERCC2...DiffInVEx mutation table 
FOXA2...DiffInVEx gene data 
FOXA2...DiffInVEx mutation table 
FGFR2...DiffInVEx selection coefficients 
ERG...DiffInVEx gene data 
ERG...DiffInVEx mutation table 
FOXP1...DiffInVEx gene data 
FOXP1...DiffInVEx mutation table 
ETV4...DiffInVEx gene data 
ETV4...DiffInVEx mutation table 
FUBP1...DiffInVEx gene data 
FUBP1...DiffInVEx mutation table 
FHIT...DiffInVEx gene data 
FHIT...DiffInVEx mutation table 
FLI1...DiffInVEx gene data 
FLI1...DiffInVEx mutation table 
ETV4...DiffInVEx selection coefficients 
FUBP1...DiffInVEx selection coefficients 
FLI1...DiffInVEx selection coefficients 
EXT1...DiffInVEx gene data 
GATA2...DiffInVEx gene data 
EXT1...DiffInVEx mutation table 
GATA2...DiffInVEx mutation table 
FAM131B...DiffInVEx gene data 
FAM131B...DiffInVEx mutation table 
GNA11...DiffInVEx gene data 
GNA11...DiffInVEx mutation table 
FANCC...DiffInVEx gene data 
FANCC...DiffInVEx mutation table 
GOLGA5...DiffInVEx gene data 
GOLGA5...DiffInVEx mutation table 
FOXA1...DiffInVEx gene data 
FOXA1...DiffInVEx mutation table 
FANCG...DiffInVEx gene data 
FANCG...DiffInVEx mutation table 
FAT4...DiffInVEx gene data 
FAT4...DiffInVEx mutation table 
FEN1...DiffInVEx gene data 
FEN1...DiffInVEx mutation table 
GOLGA5...DiffInVEx selection coefficients 
FOXA1...DiffInVEx selection coefficients 
GRIN2A...DiffInVEx gene data 
GRIN2A...DiffInVEx mutation table 
FOXO3...DiffInVEx gene data 
FOXO3...DiffInVEx mutation table 
FEN1...DiffInVEx selection coefficients 
FSTL3...DiffInVEx gene data 
FSTL3...DiffInVEx mutation table 
GAS7...DiffInVEx gene data 
GAS7...DiffInVEx mutation table 
FCRL4...DiffInVEx selection coefficients 
FGFR1OP...DiffInVEx gene data 
FGFR1OP...DiffInVEx mutation table 
GRIN2A...DiffInVEx selection coefficients 
FH...DiffInVEx gene data 
FH...DiffInVEx mutation table 
FGFR1...DiffInVEx gene data 
FGFR1...DiffInVEx mutation table 
FGFR4...DiffInVEx gene data 
FGFR4...DiffInVEx mutation table 
GAS7...DiffInVEx selection coefficients 
HERPUD1...DiffInVEx gene data 
HERPUD1...DiffInVEx mutation table 
FKBP9...DiffInVEx gene data 
FKBP9...DiffInVEx mutation table 
FLT4...DiffInVEx gene data 
FLT4...DiffInVEx mutation table 
GMPS...DiffInVEx gene data 
GMPS...DiffInVEx mutation table 
FH...DiffInVEx selection coefficients 
FOXL2...DiffInVEx gene data 
FOXL2...DiffInVEx mutation table 
GNAS...DiffInVEx gene data 
GNAS...DiffInVEx mutation table 
FOXQ1...DiffInVEx gene data 
FOXQ1...DiffInVEx mutation table 
HERPUD1...DiffInVEx selection coefficients 
GPS2...DiffInVEx gene data 
GPS2...DiffInVEx mutation table 
FUS...DiffInVEx gene data 
FUS...DiffInVEx mutation table 
FLCN...DiffInVEx gene data 
FLCN...DiffInVEx mutation table 
HIP1...DiffInVEx gene data 
HIP1...DiffInVEx mutation table 
HLF...DiffInVEx gene data 
HLF...DiffInVEx mutation table 
GPS2...DiffInVEx selection coefficients 
FUS...DiffInVEx selection coefficients 
HNRNPA2B1...DiffInVEx gene data 
HNRNPA2B1...DiffInVEx mutation table 
FLCN...DiffInVEx selection coefficients 
GTF2I...DiffInVEx gene data 
GTF2I...DiffInVEx mutation table 
HOXA9...DiffInVEx gene data 
HOXA9...DiffInVEx mutation table 
GATA3...DiffInVEx gene data 
GATA3...DiffInVEx mutation table 
HOXD13...DiffInVEx gene data 
HOXD13...DiffInVEx mutation table 
HIF1A...DiffInVEx gene data 
HIF1A...DiffInVEx mutation table 
FNBP1...DiffInVEx gene data 
FNBP1...DiffInVEx mutation table 
ID3...DiffInVEx gene data 
ID3...DiffInVEx mutation table 
FOXO1...DiffInVEx gene data 
FOXO1...DiffInVEx mutation table 
GATA3...DiffInVEx selection coefficients 
HIF1A...DiffInVEx selection coefficients 
ID3...DiffInVEx selection coefficients 
FOXO1...DiffInVEx selection coefficients 
GNA13...DiffInVEx gene data 
GNA13...DiffInVEx mutation table 
HLA-B...DiffInVEx gene data 
HLA-B...DiffInVEx mutation table 
GOPC...DiffInVEx gene data 
GOPC...DiffInVEx mutation table 
IKBKB...DiffInVEx gene data 
IKBKB...DiffInVEx mutation table 
HNF1A...DiffInVEx gene data 
HNF1A...DiffInVEx mutation table 
GRIN2D...DiffInVEx gene data 
GRIN2D...DiffInVEx mutation table 
FOXR1...DiffInVEx gene data 
IL6ST...DiffInVEx gene data 
FOXR1...DiffInVEx mutation table 
IL6ST...DiffInVEx mutation table 
HEY1...DiffInVEx gene data 
HEY1...DiffInVEx mutation table 
IRF4...DiffInVEx gene data 
IRF4...DiffInVEx mutation table 
ITK...DiffInVEx gene data 
ITK...DiffInVEx mutation table 
HIST1H3B...DiffInVEx gene data 
HIST1H3B...DiffInVEx mutation table 
JAZF1...DiffInVEx gene data 
JAZF1...DiffInVEx mutation table 
HMGA1...DiffInVEx gene data 
HMGA1...DiffInVEx mutation table 
FOXR1...DiffInVEx selection coefficients 
HNF1A...DiffInVEx selection coefficients 
KAT6B...DiffInVEx gene data 
KAT6B...DiffInVEx mutation table 
HOOK3...DiffInVEx gene data 
HOOK3...DiffInVEx mutation table 
HOXC11...DiffInVEx gene data 
HOXC11...DiffInVEx mutation table 
GABRA6...DiffInVEx gene data 
GABRA6...DiffInVEx mutation table 
HOXA13...DiffInVEx gene data 
HOXA13...DiffInVEx mutation table 
GLI1...DiffInVEx gene data 
GLI1...DiffInVEx mutation table 
HOXD11...DiffInVEx gene data 
HOXD11...DiffInVEx mutation table 
HSP90AB1...DiffInVEx gene data 
HSP90AB1...DiffInVEx mutation table 
KAT6B...DiffInVEx selection coefficients 
IGF2BP2...DiffInVEx gene data 
IGF2BP2...DiffInVEx mutation table 
HOXC11...DiffInVEx selection coefficients 
IL2...DiffInVEx gene data 
IL2...DiffInVEx mutation table 
KDR...DiffInVEx gene data 
KDR...DiffInVEx mutation table 
GLI1...DiffInVEx selection coefficients 
IRF2...DiffInVEx gene data 
IRF2...DiffInVEx mutation table 
KIF1A...DiffInVEx gene data 
KIF1A...DiffInVEx mutation table 
HRAS...DiffInVEx gene data 
HRAS...DiffInVEx mutation table 
ITGAV...DiffInVEx gene data 
ITGAV...DiffInVEx mutation table 
KLF5...DiffInVEx gene data 
KLF5...DiffInVEx mutation table 
GNAQ...DiffInVEx gene data 
GNAQ...DiffInVEx mutation table 
JAK3...DiffInVEx gene data 
JAK3...DiffInVEx mutation table 
GPC5...DiffInVEx gene data 
GPC5...DiffInVEx mutation table 
KAT6A...DiffInVEx gene data 
KAT6A...DiffInVEx mutation table 
KDM5A...DiffInVEx gene data 
KDM5A...DiffInVEx mutation table 
HRAS...DiffInVEx selection coefficients 
KLF5...DiffInVEx selection coefficients 
GPC5...DiffInVEx selection coefficients 
IDH1...DiffInVEx gene data 
IDH1...DiffInVEx mutation table 
KMT2B...DiffInVEx gene data 
KMT2B...DiffInVEx mutation table 
KDM5A...DiffInVEx selection coefficients 
IKZF1...DiffInVEx gene data 
IKZF1...DiffInVEx mutation table 
KRT222...DiffInVEx gene data 
KRT222...DiffInVEx mutation table 
GRM3...DiffInVEx gene data 
GRM3...DiffInVEx mutation table 
IL7R...DiffInVEx gene data 
IL7R...DiffInVEx mutation table 
HGF...DiffInVEx gene data 
HGF...DiffInVEx mutation table 
KIAA1549...DiffInVEx gene data 
KIAA1549...DiffInVEx mutation table 
IRF6...DiffInVEx gene data 
IRF6...DiffInVEx mutation table 
HLA-A...DiffInVEx gene data 
HLA-A...DiffInVEx mutation table 
KLF4...DiffInVEx gene data 
KLF4...DiffInVEx mutation table 
HMGA2...DiffInVEx gene data 
HMGA2...DiffInVEx mutation table 
KMT2A...DiffInVEx gene data 
KMT2A...DiffInVEx mutation table 
KRT222...DiffInVEx selection coefficients 
IRF6...DiffInVEx selection coefficients 
LATS1...DiffInVEx gene data 
LATS1...DiffInVEx mutation table 
HMGA2...DiffInVEx selection coefficients 
LEF1...DiffInVEx gene data 
LEF1...DiffInVEx mutation table 
KMT2A...DiffInVEx selection coefficients 
JAK1...DiffInVEx gene data 
JAK1...DiffInVEx mutation table 
LIFR...DiffInVEx gene data 
LIFR...DiffInVEx mutation table 
HOXA11...DiffInVEx gene data 
HOXA11...DiffInVEx mutation table 
LPP...DiffInVEx gene data 
LPP...DiffInVEx mutation table 
KNSTRN...DiffInVEx gene data 
KNSTRN...DiffInVEx mutation table 
HOXC13...DiffInVEx gene data 
HOXC13...DiffInVEx mutation table 
LYL1...DiffInVEx gene data 
LYL1...DiffInVEx mutation table 
MACF1...DiffInVEx gene data 
MACF1...DiffInVEx mutation table 
JAK1...DiffInVEx selection coefficients 
KNSTRN...DiffInVEx selection coefficients 
HOXC13...DiffInVEx selection coefficients 
JUN...DiffInVEx gene data 
JUN...DiffInVEx mutation table 
LASP1...DiffInVEx gene data 
MACF1...DiffInVEx selection coefficients 
LASP1...DiffInVEx mutation table 
HSP90AA1...DiffInVEx gene data 
HSP90AA1...DiffInVEx mutation table 
MAML2...DiffInVEx gene data 
MAML2...DiffInVEx mutation table 
JUN...DiffInVEx selection coefficients 
LASP1...DiffInVEx selection coefficients 
HSP90AA1...DiffInVEx selection coefficients 
LCP1...DiffInVEx gene data 
LCP1...DiffInVEx mutation table 
KAT7...DiffInVEx gene data 
KAT7...DiffInVEx mutation table 
MAML2...DiffInVEx selection coefficients 
KDSR...DiffInVEx gene data 
KDSR...DiffInVEx mutation table 
IDH2...DiffInVEx gene data 
IDH2...DiffInVEx mutation table 
KIF5B...DiffInVEx gene data 
KIF5B...DiffInVEx mutation table 
MAP3K1...DiffInVEx gene data 
MAP3K1...DiffInVEx mutation table 
LCP1...DiffInVEx selection coefficients 
MB21D2...DiffInVEx gene data 
MB21D2...DiffInVEx mutation table 
MECOM...DiffInVEx gene data 
MECOM...DiffInVEx mutation table 
IDH2...DiffInVEx selection coefficients 
MGMT...DiffInVEx gene data 
MGMT...DiffInVEx mutation table 
KIF5B...DiffInVEx selection coefficients 
LHFP...DiffInVEx gene data 
LHFP...DiffInVEx mutation table 
IKZF3...DiffInVEx gene data 
IKZF3...DiffInVEx mutation table 
KLF6...DiffInVEx gene data 
KLF6...DiffInVEx mutation table 
LHFP...DiffInVEx selection coefficients 
MGMT...DiffInVEx selection coefficients 
IKZF3...DiffInVEx selection coefficients 
LMO2...DiffInVEx gene data 
LMO2...DiffInVEx mutation table 
KLF6...DiffInVEx selection coefficients 
MLH1...DiffInVEx gene data 
MLH1...DiffInVEx mutation table 
MLLT3...DiffInVEx gene data 
MLLT3...DiffInVEx mutation table 
INPPL1...DiffInVEx gene data 
INPPL1...DiffInVEx mutation table 
KMT2C...DiffInVEx gene data 
KMT2C...DiffInVEx mutation table 
MPL...DiffInVEx gene data 
MPL...DiffInVEx mutation table 
KTN1...DiffInVEx gene data 
KTN1...DiffInVEx mutation table 
LMO2...DiffInVEx selection coefficients 
INPPL1...DiffInVEx selection coefficients 
LSM14A...DiffInVEx gene data 
LSM14A...DiffInVEx mutation table 
MPL...DiffInVEx selection coefficients 
KTN1...DiffInVEx selection coefficients 
MACC1...DiffInVEx gene data 
MACC1...DiffInVEx mutation table 
ISX...DiffInVEx gene data 
ISX...DiffInVEx mutation table 
MALT1...DiffInVEx gene data 
MALT1...DiffInVEx mutation table 
MSI2...DiffInVEx gene data 
MSI2...DiffInVEx mutation table 
LATS2...DiffInVEx gene data 
LATS2...DiffInVEx mutation table 
JAK2...DiffInVEx gene data 
JAK2...DiffInVEx mutation table 
MAP2K4...DiffInVEx gene data 
MAP2K4...DiffInVEx mutation table 
MUC4...DiffInVEx gene data 
MUC4...DiffInVEx mutation table 
KANSL1...DiffInVEx gene data 
KANSL1...DiffInVEx mutation table 
MYCL...DiffInVEx gene data 
MYCL...DiffInVEx mutation table 
KCNJ5...DiffInVEx gene data 
KCNJ5...DiffInVEx mutation table 
LATS2...DiffInVEx selection coefficients 
MAP2K4...DiffInVEx selection coefficients 
MYCL...DiffInVEx selection coefficients 
LEMD2...DiffInVEx gene data 
LEMD2...DiffInVEx mutation table 
KCNJ5...DiffInVEx selection coefficients 
MAX...DiffInVEx gene data 
MAX...DiffInVEx mutation table 
LMNA...DiffInVEx gene data 
LMNA...DiffInVEx mutation table 
MYH9...DiffInVEx gene data 
MYH9...DiffInVEx mutation table 
KEL...DiffInVEx gene data 
KEL...DiffInVEx mutation table 
NAB2...DiffInVEx gene data 
NAB2...DiffInVEx mutation table 
KIT...DiffInVEx gene data 
KIT...DiffInVEx mutation table 
MAX...DiffInVEx selection coefficients 
KLK2...DiffInVEx gene data 
KLK2...DiffInVEx mutation table 
LMNA...DiffInVEx selection coefficients 
KMT2D...DiffInVEx gene data 
KMT2D...DiffInVEx mutation table 
MDS2...DiffInVEx gene data 
MDS2...DiffInVEx mutation table 
NAB2...DiffInVEx selection coefficients 
LRIG3...DiffInVEx gene data 
LRIG3...DiffInVEx mutation table 
NCKIPSD...DiffInVEx gene data 
NCKIPSD...DiffInVEx mutation table 
NCOR1...DiffInVEx gene data 
MDS2...DiffInVEx selection coefficients 
NCOR1...DiffInVEx mutation table 
KMT2D...DiffInVEx selection coefficients 
LRIG3...DiffInVEx selection coefficients 
MGA...DiffInVEx gene data 
MGA...DiffInVEx mutation table 
LARP4B...DiffInVEx gene data 
LARP4B...DiffInVEx mutation table 
NCOR1...DiffInVEx selection coefficients 
LYN...DiffInVEx gene data 
LYN...DiffInVEx mutation table 
MAF...DiffInVEx gene data 
MAF...DiffInVEx mutation table 
NF2...DiffInVEx gene data 
NF2...DiffInVEx mutation table 
MGA...DiffInVEx selection coefficients 
LARP4B...DiffInVEx selection coefficients 
NFKB2...DiffInVEx gene data 
NFKB2...DiffInVEx mutation table 
MLF1...DiffInVEx gene data 
MLF1...DiffInVEx mutation table 
MAF...DiffInVEx selection coefficients 
LCK...DiffInVEx gene data 
LCK...DiffInVEx mutation table 
MLLT11...DiffInVEx gene data 
MLLT11...DiffInVEx mutation table 
NFKB2...DiffInVEx selection coefficients 
MAP2K1...DiffInVEx gene data 
MAP2K1...DiffInVEx mutation table 
LCK...DiffInVEx selection coefficients 
NOTCH1...DiffInVEx gene data 
NOTCH1...DiffInVEx mutation table 
MLLT11...DiffInVEx selection coefficients 
MAP2K1...DiffInVEx selection coefficients 
NRAS...DiffInVEx gene data 
NRAS...DiffInVEx mutation table 
LEPROTL1...DiffInVEx gene data 
LEPROTL1...DiffInVEx mutation table 
LMO1...DiffInVEx gene data 
LMO1...DiffInVEx mutation table 
MNX1...DiffInVEx gene data 
MNX1...DiffInVEx mutation table 
MAP3K4...DiffInVEx gene data 
MAP3K4...DiffInVEx mutation table 
MSH6...DiffInVEx gene data 
MSH6...DiffInVEx mutation table 
MDM2...DiffInVEx gene data 
MDM2...DiffInVEx mutation table 
MUC16...DiffInVEx gene data 
MUC16...DiffInVEx mutation table 
NRAS...DiffInVEx selection coefficients 
MYB...DiffInVEx gene data 
MYB...DiffInVEx mutation table 
LMO1...DiffInVEx selection coefficients 
MYH11...DiffInVEx gene data 
MYH11...DiffInVEx mutation table 
NTHL1...DiffInVEx gene data 
NTHL1...DiffInVEx mutation table 
MDM2...DiffInVEx selection coefficients 
LRP1B...DiffInVEx gene data 
LRP1B...DiffInVEx mutation table 
LZTR1...DiffInVEx gene data 
LZTR1...DiffInVEx mutation table 
MEN1...DiffInVEx gene data 
MEN1...DiffInVEx mutation table 
MAFB...DiffInVEx gene data 
MAFB...DiffInVEx mutation table 
MYH11...DiffInVEx selection coefficients 
NTHL1...DiffInVEx selection coefficients 
MAP2K2...DiffInVEx gene data 
MAP2K2...DiffInVEx mutation table 
MAPK1...DiffInVEx gene data 
MAPK1...DiffInVEx mutation table 
N4BP2...DiffInVEx gene data 
N4BP2...DiffInVEx mutation table 
NUP133...DiffInVEx gene data 
NUP133...DiffInVEx mutation table 
MDM4...DiffInVEx gene data 
MDM4...DiffInVEx mutation table 
MEN1...DiffInVEx selection coefficients 
NBN...DiffInVEx gene data 
NBN...DiffInVEx mutation table 
NCOA4...DiffInVEx gene data 
NCOA4...DiffInVEx mutation table 
MITF...DiffInVEx gene data 
MITF...DiffInVEx mutation table 
MLLT1...DiffInVEx gene data 
MLLT1...DiffInVEx mutation table 
NUP133...DiffInVEx selection coefficients 
MDM4...DiffInVEx selection coefficients 
MLLT6...DiffInVEx gene data 
MLLT6...DiffInVEx mutation table 
NCOA4...DiffInVEx selection coefficients 
NUTM1...DiffInVEx gene data 
NUTM1...DiffInVEx mutation table 
MET...DiffInVEx gene data 
MET...DiffInVEx mutation table 
MKL1...DiffInVEx gene data 
MKL1...DiffInVEx mutation table 
MLLT6...DiffInVEx selection coefficients 
NF1...DiffInVEx gene data 
NF1...DiffInVEx mutation table 
MLLT10...DiffInVEx gene data 
MLLT10...DiffInVEx mutation table 
NUTM1...DiffInVEx selection coefficients 
MSH2...DiffInVEx gene data 
MSH2...DiffInVEx mutation table 
MTOR...DiffInVEx gene data 
MTOR...DiffInVEx mutation table 
NF1...DiffInVEx selection coefficients 
PAFAH1B2...DiffInVEx gene data 
PAFAH1B2...DiffInVEx mutation table 
MLLT10...DiffInVEx selection coefficients 
NFIB...DiffInVEx gene data 
NFIB...DiffInVEx mutation table 
NKX2-1...DiffInVEx gene data 
NKX2-1...DiffInVEx mutation table 
MN1...DiffInVEx gene data 
MN1...DiffInVEx mutation table 
PAFAH1B2...DiffInVEx selection coefficients 
MTOR...DiffInVEx selection coefficients 
MSH3...DiffInVEx gene data 
MSH3...DiffInVEx mutation table 
MUC1...DiffInVEx gene data 
MUC1...DiffInVEx mutation table 
PAX7...DiffInVEx gene data 
PAX7...DiffInVEx mutation table 
MUC6...DiffInVEx gene data 
MUC6...DiffInVEx mutation table 
NKX2-1...DiffInVEx selection coefficients 
NR4A3...DiffInVEx gene data 
NR4A3...DiffInVEx mutation table 
MUC1...DiffInVEx selection coefficients 
NT5C2...DiffInVEx gene data 
NT5C2...DiffInVEx mutation table 
MUC6...DiffInVEx selection coefficients 
PAX7...DiffInVEx selection coefficients 
MUTYH...DiffInVEx gene data 
MUTYH...DiffInVEx mutation table 
PCBP1...DiffInVEx gene data 
PCBP1...DiffInVEx mutation table 
MYCN...DiffInVEx gene data 
MYCN...DiffInVEx mutation table 
PDGFB...DiffInVEx gene data 
PDGFB...DiffInVEx mutation table 
MYO5A...DiffInVEx gene data 
MYO5A...DiffInVEx mutation table 
NT5C2...DiffInVEx selection coefficients 
PGR...DiffInVEx gene data 
PGR...DiffInVEx mutation table 
MUTYH...DiffInVEx selection coefficients 
NUMA1...DiffInVEx gene data 
NUMA1...DiffInVEx mutation table 
MYO5A...DiffInVEx selection coefficients 
MYD88...DiffInVEx gene data 
MYD88...DiffInVEx mutation table 
NACA...DiffInVEx gene data 
NACA...DiffInVEx mutation table 
MYOD1...DiffInVEx gene data 
MYOD1...DiffInVEx mutation table 
NUMA1...DiffInVEx selection coefficients 
PGR...DiffInVEx selection coefficients 
PIK3CG...DiffInVEx gene data 
PIK3CG...DiffInVEx mutation table 
NUP98...DiffInVEx gene data 
NUP98...DiffInVEx mutation table 
MYOD1...DiffInVEx selection coefficients 
NACA...DiffInVEx selection coefficients 
PLCB4...DiffInVEx gene data 
PLCB4...DiffInVEx mutation table 
PMS1...DiffInVEx gene data 
PMS1...DiffInVEx mutation table 
NBEA...DiffInVEx gene data 
NBEA...DiffInVEx mutation table 
POLG...DiffInVEx gene data 
POLG...DiffInVEx mutation table 
NCOA1...DiffInVEx gene data 
NCOA1...DiffInVEx mutation table 
NUP98...DiffInVEx selection coefficients 
NCOR2...DiffInVEx gene data 
NCOR2...DiffInVEx mutation table 
PABPC1...DiffInVEx gene data 
PABPC1...DiffInVEx mutation table 
POLG...DiffInVEx selection coefficients 
NBEA...DiffInVEx selection coefficients 
PAX5...DiffInVEx gene data 
PAX5...DiffInVEx mutation table 
NCOR2...DiffInVEx selection coefficients 
PBX1...DiffInVEx gene data 
PBX1...DiffInVEx mutation table 
POU2AF1...DiffInVEx gene data 
POU2AF1...DiffInVEx mutation table 
NCOA2...DiffInVEx gene data 
NCOA2...DiffInVEx mutation table 
NDRG1...DiffInVEx gene data 
NDRG1...DiffInVEx mutation table 
NFATC2...DiffInVEx gene data 
NFATC2...DiffInVEx mutation table 
NFE2L2...DiffInVEx gene data 
NFE2L2...DiffInVEx mutation table 
NFKBIE...DiffInVEx gene data 
NFKBIE...DiffInVEx mutation table 
NIN...DiffInVEx gene data 
NIN...DiffInVEx mutation table 
NOTCH2...DiffInVEx gene data 
NOTCH2...DiffInVEx mutation table 
PBX1...DiffInVEx selection coefficients 
POU2AF1...DiffInVEx selection coefficients 
PDE4DIP...DiffInVEx gene data 
PDE4DIP...DiffInVEx mutation table 
PPP2R1A...DiffInVEx gene data 
PPP2R1A...DiffInVEx mutation table 
PRDM16...DiffInVEx gene data 
PRDM16...DiffInVEx mutation table 
NIN...DiffInVEx selection coefficients 
NOTCH2...DiffInVEx selection coefficients 
NRG1...DiffInVEx gene data 
NRG1...DiffInVEx mutation table 
NPM1...DiffInVEx gene data 
NPM1...DiffInVEx mutation table 
PDE4DIP...DiffInVEx selection coefficients 
NTRK1...DiffInVEx gene data 
NTRK1...DiffInVEx mutation table 
NSD1...DiffInVEx gene data 
NSD1...DiffInVEx mutation table 
PRDM16...DiffInVEx selection coefficients 
NTRK3...DiffInVEx gene data 
NTRK3...DiffInVEx mutation table 
PER1...DiffInVEx gene data 
PER1...DiffInVEx mutation table 
PRKACA...DiffInVEx gene data 
PRKACA...DiffInVEx mutation table 
PRRX1...DiffInVEx gene data 
PRRX1...DiffInVEx mutation table 
NTRK1...DiffInVEx selection coefficients 
NTRK3...DiffInVEx selection coefficients 
PER1...DiffInVEx selection coefficients 
NUP214...DiffInVEx gene data 
NUP214...DiffInVEx mutation table 
NUP93...DiffInVEx gene data 
NUP93...DiffInVEx mutation table 
PIK3CB...DiffInVEx gene data 
PIK3CB...DiffInVEx mutation table 
OLIG2...DiffInVEx gene data 
OLIG2...DiffInVEx mutation table 
PRRX1...DiffInVEx selection coefficients 
PLAG1...DiffInVEx gene data 
PLAG1...DiffInVEx mutation table 
PML...DiffInVEx gene data 
PATZ1...DiffInVEx gene data 
PML...DiffInVEx mutation table 
PATZ1...DiffInVEx mutation table 
PAX8...DiffInVEx gene data 
PAX8...DiffInVEx mutation table 
NUP93...DiffInVEx selection coefficients 
PTK6...DiffInVEx gene data 
PTK6...DiffInVEx mutation table 
PCM1...DiffInVEx gene data 
PCM1...DiffInVEx mutation table 
PTPN13...DiffInVEx gene data 
PTPN13...DiffInVEx mutation table 
PML...DiffInVEx selection coefficients 
PTPRD...DiffInVEx gene data 
PTPRD...DiffInVEx mutation table 
OMD...DiffInVEx gene data 
OMD...DiffInVEx mutation table 
PDGFRB...DiffInVEx gene data 
PDGFRB...DiffInVEx mutation table 
QKI...DiffInVEx gene data 
QKI...DiffInVEx mutation table 
PAX3...DiffInVEx gene data 
PAX3...DiffInVEx mutation table 
PHOX2B...DiffInVEx gene data 
PHOX2B...DiffInVEx mutation table 
POLE...DiffInVEx gene data 
POLE...DiffInVEx mutation table 
RAD21...DiffInVEx gene data 
RAD21...DiffInVEx mutation table 
PBRM1...DiffInVEx gene data 
PBRM1...DiffInVEx mutation table 
PIK3R1...DiffInVEx gene data 
PIK3R1...DiffInVEx mutation table 
PDCD1LG2...DiffInVEx gene data 
PDCD1LG2...DiffInVEx mutation table 
RAP1GDS1...DiffInVEx gene data 
RAP1GDS1...DiffInVEx mutation table 
PLCG1...DiffInVEx gene data 
PLCG1...DiffInVEx mutation table 
PDS5B...DiffInVEx gene data 
PDS5B...DiffInVEx mutation table 
RBM15...DiffInVEx gene data 
RBM15...DiffInVEx mutation table 
PMS2...DiffInVEx gene data 
PMS2...DiffInVEx mutation table 
POLQ...DiffInVEx gene data 
POLQ...DiffInVEx mutation table 
POLE...DiffInVEx selection coefficients 
PPARG...DiffInVEx gene data 
PPARG...DiffInVEx mutation table 
PPP6C...DiffInVEx gene data 
PPP6C...DiffInVEx mutation table 
PDS5B...DiffInVEx selection coefficients 
RBM15...DiffInVEx selection coefficients 
POT1...DiffInVEx gene data 
POT1...DiffInVEx mutation table 
PRDM2...DiffInVEx gene data 
PRDM2...DiffInVEx mutation table 
PPM1D...DiffInVEx gene data 
PPM1D...DiffInVEx mutation table 
PICALM...DiffInVEx gene data 
PICALM...DiffInVEx mutation table 
RFC1...DiffInVEx gene data 
RFC1...DiffInVEx mutation table 
PRDM1...DiffInVEx gene data 
PRDM1...DiffInVEx mutation table 
RHOA...DiffInVEx gene data 
RHOA...DiffInVEx mutation table 
PRF1...DiffInVEx gene data 
PRF1...DiffInVEx mutation table 
RMI2...DiffInVEx gene data 
RMI2...DiffInVEx mutation table 
PRDM2...DiffInVEx selection coefficients 
PICALM...DiffInVEx selection coefficients 
RMI2...DiffInVEx selection coefficients 
PRKAR1A...DiffInVEx gene data 
PRKAR1A...DiffInVEx mutation table 
PRF1...DiffInVEx selection coefficients 
PIK3R2...DiffInVEx gene data 
PIK3R2...DiffInVEx mutation table 
PSIP1...DiffInVEx gene data 
PSIP1...DiffInVEx mutation table 
PLXNB2...DiffInVEx gene data 
PLXNB2...DiffInVEx mutation table 
ROBO2...DiffInVEx gene data 
ROBO2...DiffInVEx mutation table 
PRPF40B...DiffInVEx gene data 
PRPF40B...DiffInVEx mutation table 
PTMA...DiffInVEx gene data 
PTMA...DiffInVEx mutation table 
POLD1...DiffInVEx gene data 
POLD1...DiffInVEx mutation table 
RRAS2...DiffInVEx gene data 
RRAS2...DiffInVEx mutation table 
PTPN6...DiffInVEx gene data 
PTPN6...DiffInVEx mutation table 
POLRMT...DiffInVEx gene data 
POLRMT...DiffInVEx mutation table 
PPFIBP1...DiffInVEx gene data 
PPFIBP1...DiffInVEx mutation table 
PRPF40B...DiffInVEx selection coefficients 
RRAS2...DiffInVEx selection coefficients 
PTPN6...DiffInVEx selection coefficients 
PTEN...DiffInVEx gene data 
PTEN...DiffInVEx mutation table 
RUNX1T1...DiffInVEx gene data 
RUNX1T1...DiffInVEx mutation table 
PPFIBP1...DiffInVEx selection coefficients 
SCAF4...DiffInVEx gene data 
SCAF4...DiffInVEx mutation table 
PTPRK...DiffInVEx gene data 
PTPRK...DiffInVEx mutation table 
SDHC...DiffInVEx gene data 
SDHC...DiffInVEx mutation table 
RABEP1...DiffInVEx gene data 
RABEP1...DiffInVEx mutation table 
PRCC...DiffInVEx gene data 
PRCC...DiffInVEx mutation table 
PTEN...DiffInVEx selection coefficients 
RABEP1...DiffInVEx selection coefficients 
SDHC...DiffInVEx selection coefficients 
PTPN11...DiffInVEx gene data 
PTPN11...DiffInVEx mutation table 
PRCC...DiffInVEx selection coefficients 
RAF1...DiffInVEx gene data 
RAF1...DiffInVEx mutation table 
SETD2...DiffInVEx gene data 
SETD2...DiffInVEx mutation table 
RARA...DiffInVEx gene data 
RARA...DiffInVEx mutation table 
PREX2...DiffInVEx gene data 
PREX2...DiffInVEx mutation table 
SFPQ...DiffInVEx gene data 
SFPQ...DiffInVEx mutation table 
PTPN11...DiffInVEx selection coefficients 
PRKCB...DiffInVEx gene data 
PRKCB...DiffInVEx mutation table 
PTPRC...DiffInVEx gene data 
PTPRC...DiffInVEx mutation table 
RARA...DiffInVEx selection coefficients 
SFPQ...DiffInVEx selection coefficients 
PRKCB...DiffInVEx selection coefficients 
RECQL4...DiffInVEx gene data 
RECQL4...DiffInVEx mutation table 
PTCH1...DiffInVEx gene data 
PTPRC...DiffInVEx selection coefficients 
PTCH1...DiffInVEx mutation table 
SH3GL1...DiffInVEx gene data 
SH3GL1...DiffInVEx mutation table 
RFWD3...DiffInVEx gene data 
RFWD3...DiffInVEx mutation table 
PTPDC1...DiffInVEx gene data 
PTPDC1...DiffInVEx mutation table 
SIX2...DiffInVEx gene data 
SIX2...DiffInVEx mutation table 
PTPRB...DiffInVEx gene data 
PTPRB...DiffInVEx mutation table 
PWWP2A...DiffInVEx gene data 
PWWP2A...DiffInVEx mutation table 
SMAD2...DiffInVEx gene data 
SMAD2...DiffInVEx mutation table 
RAD17...DiffInVEx gene data 
RAD17...DiffInVEx mutation table 
SMARCD1...DiffInVEx gene data 
SMARCD1...DiffInVEx mutation table 
RFWD3...DiffInVEx selection coefficients 
RANBP2...DiffInVEx gene data 
RANBP2...DiffInVEx mutation table 
RB1...DiffInVEx gene data 
RB1...DiffInVEx mutation table 
PTPRB...DiffInVEx selection coefficients 
RHOB...DiffInVEx gene data 
RHOB...DiffInVEx mutation table 
SMARCD1...DiffInVEx selection coefficients 
RNF111...DiffInVEx gene data 
RNF111...DiffInVEx mutation table 
PTPRT...DiffInVEx gene data 
PTPRT...DiffInVEx mutation table 
SND1...DiffInVEx gene data 
SND1...DiffInVEx mutation table 
RB1...DiffInVEx selection coefficients 
RAC1...DiffInVEx gene data 
RAC1...DiffInVEx mutation table 
SOX2...DiffInVEx gene data 
SOX2...DiffInVEx mutation table 
RALGDS...DiffInVEx gene data 
RALGDS...DiffInVEx mutation table 
RNF111...DiffInVEx selection coefficients 
SPEN...DiffInVEx gene data 
SPEN...DiffInVEx mutation table 
RASA1...DiffInVEx gene data 
RASA1...DiffInVEx mutation table 
RET...DiffInVEx gene data 
RET...DiffInVEx mutation table 
REL...DiffInVEx gene data 
REL...DiffInVEx mutation table 
ROS1...DiffInVEx gene data 
RGPD3...DiffInVEx gene data 
RGPD3...DiffInVEx mutation table 
ROS1...DiffInVEx mutation table 
RSPO2...DiffInVEx gene data 
RSPO2...DiffInVEx mutation table 
RHOH...DiffInVEx gene data 
RHOH...DiffInVEx mutation table 
SPEN...DiffInVEx selection coefficients 
RXRA...DiffInVEx gene data 
RXRA...DiffInVEx mutation table 
RNF213...DiffInVEx gene data 
RNF213...DiffInVEx mutation table 
RET...DiffInVEx selection coefficients 
SDC4...DiffInVEx gene data 
SDC4...DiffInVEx mutation table 
RPL5...DiffInVEx gene data 
RPL5...DiffInVEx mutation table 
SRC...DiffInVEx gene data 
SRC...DiffInVEx mutation table 
SET...DiffInVEx gene data 
SET...DiffInVEx mutation table 
RGS7...DiffInVEx gene data 
RGS7...DiffInVEx mutation table 
SS18...DiffInVEx gene data 
SS18...DiffInVEx mutation table 
SETDB1...DiffInVEx gene data 
SETDB1...DiffInVEx mutation table 
STAT5B...DiffInVEx gene data 
STAT5B...DiffInVEx mutation table 
RPL5...DiffInVEx selection coefficients 
RGS7...DiffInVEx selection coefficients 
STAT5B...DiffInVEx selection coefficients 
SETDB1...DiffInVEx selection coefficients 
RSPO3...DiffInVEx gene data 
RSPO3...DiffInVEx mutation table 
SALL4...DiffInVEx gene data 
SALL4...DiffInVEx mutation table 
RIT1...DiffInVEx gene data 
RIT1...DiffInVEx mutation table 
SUFU...DiffInVEx gene data 
SUFU...DiffInVEx mutation table 
SFRP4...DiffInVEx gene data 
SFRP4...DiffInVEx mutation table 
SDHA...DiffInVEx gene data 
SDHA...DiffInVEx mutation table 
SIN3A...DiffInVEx gene data 
SIN3A...DiffInVEx mutation table 
SETBP1...DiffInVEx gene data 
SETBP1...DiffInVEx mutation table 
SF1...DiffInVEx gene data 
SF1...DiffInVEx mutation table 
RIT1...DiffInVEx selection coefficients 
SUFU...DiffInVEx selection coefficients 
SIN3A...DiffInVEx selection coefficients 
RNF43...DiffInVEx gene data 
RNF43...DiffInVEx mutation table 
SF1...DiffInVEx selection coefficients 
TAL1...DiffInVEx gene data 
TAL1...DiffInVEx mutation table 
RPN1...DiffInVEx gene data 
RPN1...DiffInVEx mutation table 
SKI...DiffInVEx gene data 
RUNX1...DiffInVEx gene data 
SKI...DiffInVEx mutation table 
RUNX1...DiffInVEx mutation table 
SGK1...DiffInVEx gene data 
SGK1...DiffInVEx mutation table 
SBDS...DiffInVEx gene data 
SBDS...DiffInVEx mutation table 
SIRPA...DiffInVEx gene data 
SIRPA...DiffInVEx mutation table 
SDHB...DiffInVEx gene data 
SDHB...DiffInVEx mutation table 
SLC34A2...DiffInVEx gene data 
SLC34A2...DiffInVEx mutation table 
TAL1...DiffInVEx selection coefficients 
SMARCA4...DiffInVEx gene data 
SMARCA4...DiffInVEx mutation table 
SKI...DiffInVEx selection coefficients 
SMC3...DiffInVEx gene data 
SMC3...DiffInVEx mutation table 
TCEA1...DiffInVEx gene data 
TCEA1...DiffInVEx mutation table 
SMAD3...DiffInVEx gene data 
SMAD3...DiffInVEx mutation table 
TCL1A...DiffInVEx gene data 
TCL1A...DiffInVEx mutation table 
SDHB...DiffInVEx selection coefficients 
SMC3...DiffInVEx selection coefficients 
SETD1B...DiffInVEx gene data 
SETD1B...DiffInVEx mutation table 
SMAD3...DiffInVEx selection coefficients 
TCL1A...DiffInVEx selection coefficients 
SOS1...DiffInVEx gene data 
SOS1...DiffInVEx mutation table 
SMARCE1...DiffInVEx gene data 
SMARCE1...DiffInVEx mutation table 
TET2...DiffInVEx gene data 
TET2...DiffInVEx mutation table 
SOX9...DiffInVEx gene data 
SOX9...DiffInVEx mutation table 
SETD1B...DiffInVEx selection coefficients 
TFRC...DiffInVEx gene data 
TFRC...DiffInVEx mutation table 
SPTA1...DiffInVEx gene data 
SPTA1...DiffInVEx mutation table 
TLR4...DiffInVEx gene data 
TLR4...DiffInVEx mutation table 
SMARCE1...DiffInVEx selection coefficients 
TMPRSS2...DiffInVEx gene data 
TMPRSS2...DiffInVEx mutation table 
SF3B1...DiffInVEx gene data 
SF3B1...DiffInVEx mutation table 
TOP1...DiffInVEx gene data 
TOP1...DiffInVEx mutation table 
SH2B3...DiffInVEx gene data 
SH2B3...DiffInVEx mutation table 
TPR...DiffInVEx gene data 
TPR...DiffInVEx mutation table 
SNX29...DiffInVEx gene data 
SNX29...DiffInVEx mutation table 
SPTA1...DiffInVEx selection coefficients 
SRSF2...DiffInVEx gene data 
SRSF2...DiffInVEx mutation table 
SH2B3...DiffInVEx selection coefficients 
STAG1...DiffInVEx gene data 
STAG1...DiffInVEx mutation table 
SNX29...DiffInVEx selection coefficients 
TPR...DiffInVEx selection coefficients 
STIL...DiffInVEx gene data 
STIL...DiffInVEx mutation table 
SIX1...DiffInVEx gene data 
SIX1...DiffInVEx mutation table 
SOX21...DiffInVEx gene data 
SOX21...DiffInVEx mutation table 
TRIM27...DiffInVEx gene data 
TRIM27...DiffInVEx mutation table 
TSC1...DiffInVEx gene data 
TSC1...DiffInVEx mutation table 
U2AF1...DiffInVEx gene data 
U2AF1...DiffInVEx mutation table 
SIX1...DiffInVEx selection coefficients 
STIL...DiffInVEx selection coefficients 
SOX21...DiffInVEx selection coefficients 
USP6...DiffInVEx gene data 
USP6...DiffInVEx mutation table 
SLC45A3...DiffInVEx gene data 
SLC45A3...DiffInVEx mutation table 
SYK...DiffInVEx gene data 
SYK...DiffInVEx mutation table 
SPOP...DiffInVEx gene data 
SPOP...DiffInVEx mutation table 
TBL1XR1...DiffInVEx gene data 
TBL1XR1...DiffInVEx mutation table 
SRGAP3...DiffInVEx gene data 
SRGAP3...DiffInVEx mutation table 
USP6...DiffInVEx selection coefficients 
TCF3...DiffInVEx gene data 
TCF3...DiffInVEx mutation table 
SS18L1...DiffInVEx gene data 
SS18L1...DiffInVEx mutation table 
TERT...DiffInVEx gene data 
TERT...DiffInVEx mutation table 
STAT6...DiffInVEx gene data 
STAT6...DiffInVEx mutation table 
WIF1...DiffInVEx gene data 
WIF1...DiffInVEx mutation table 
SLC45A3...DiffInVEx selection coefficients 
TFG...DiffInVEx gene data 
TFG...DiffInVEx mutation table 
TGIF1...DiffInVEx gene data 
TGIF1...DiffInVEx mutation table 
TLX3...DiffInVEx gene data 
TLX3...DiffInVEx mutation table 
SMARCB1...DiffInVEx gene data 
SMARCB1...DiffInVEx mutation table 
TNFRSF14...DiffInVEx gene data 
TNFRSF14...DiffInVEx mutation table 
SMO...DiffInVEx gene data 
SMO...DiffInVEx mutation table 
STAT6...DiffInVEx selection coefficients 
WIF1...DiffInVEx selection coefficients 
SOX17...DiffInVEx gene data 
SOX17...DiffInVEx mutation table 
SPECC1...DiffInVEx gene data 
SPECC1...DiffInVEx mutation table 
SUZ12...DiffInVEx gene data 
SUZ12...DiffInVEx mutation table 
WWTR1...DiffInVEx gene data 
WWTR1...DiffInVEx mutation table 
YWHAE...DiffInVEx gene data 
TNFRSF14...DiffInVEx selection coefficients 
YWHAE...DiffInVEx mutation table 
SPECC1...DiffInVEx selection coefficients 
SUZ12...DiffInVEx selection coefficients 
TPM3...DiffInVEx gene data 
TPM3...DiffInVEx mutation table 
YWHAE...DiffInVEx selection coefficients 
SPTAN1...DiffInVEx gene data 
SPTAN1...DiffInVEx mutation table 
TAL2...DiffInVEx gene data 
TAL2...DiffInVEx mutation table 
SRSF3...DiffInVEx gene data 
SRSF3...DiffInVEx mutation table 
TCF12...DiffInVEx gene data 
TCF12...DiffInVEx mutation table 
TPM3...DiffInVEx selection coefficients 
STAT3...DiffInVEx gene data 
STAT3...DiffInVEx mutation table 
ZC3H12A...DiffInVEx gene data 
ZC3H12A...DiffInVEx mutation table 
TRAF7...DiffInVEx gene data 
TRAF7...DiffInVEx mutation table 
TCF12...DiffInVEx selection coefficients 
STAT3...DiffInVEx selection coefficients 
ZC3H12A...DiffInVEx selection coefficients 
TEC...DiffInVEx gene data 
TEC...DiffInVEx mutation table 
TFEB...DiffInVEx gene data 
TFEB...DiffInVEx mutation table 
STRN...DiffInVEx gene data 
TRAF7...DiffInVEx selection coefficients 
STRN...DiffInVEx mutation table 
ZMYM2...DiffInVEx gene data 
ZMYM2...DiffInVEx mutation table 
TGFBR2...DiffInVEx gene data 
TGFBR2...DiffInVEx mutation table 
TAF15...DiffInVEx gene data 
TAF15...DiffInVEx mutation table 
TLX1...DiffInVEx gene data 
TLX1...DiffInVEx mutation table 
TRIP11...DiffInVEx gene data 
TRIP11...DiffInVEx mutation table 
ZMYM2...DiffInVEx selection coefficients 
TAF15...DiffInVEx selection coefficients 
TLX1...DiffInVEx selection coefficients 
ZNF429...DiffInVEx gene data 
ZNF429...DiffInVEx mutation table 
TRIP11...DiffInVEx selection coefficients 
ZNRF3...DiffInVEx gene data 
ZNRF3...DiffInVEx mutation table 
TBX3...DiffInVEx gene data 
TBX3...DiffInVEx mutation table 
TNC...DiffInVEx gene data 
TNC...DiffInVEx mutation table 
TP63...DiffInVEx gene data 
TP63...DiffInVEx mutation table 
TSHR...DiffInVEx gene data 
TSHR...DiffInVEx mutation table 
TRAF3...DiffInVEx gene data 
TRAF3...DiffInVEx mutation table 
TBX3...DiffInVEx selection coefficients 
TSHR...DiffInVEx selection coefficients 
TRAF3...DiffInVEx selection coefficients 
TCF7L2...DiffInVEx gene data 
TCF7L2...DiffInVEx mutation table 
UNCX...DiffInVEx gene data 
UNCX...DiffInVEx mutation table 
TRIM33...DiffInVEx gene data 
TRIM33...DiffInVEx mutation table 
VAV1...DiffInVEx gene data 
VAV1...DiffInVEx mutation table 
WRN...DiffInVEx gene data 
WRN...DiffInVEx mutation table 
TCF7L2...DiffInVEx selection coefficients 
XPC...DiffInVEx gene data 
XPC...DiffInVEx mutation table 
ZBTB20...DiffInVEx gene data 
ZBTB20...DiffInVEx mutation table 
TRIM33...DiffInVEx selection coefficients 
ZEB1...DiffInVEx gene data 
ZEB1...DiffInVEx mutation table 
TET1...DiffInVEx gene data 
TET1...DiffInVEx mutation table 
TSC2...DiffInVEx gene data 
TSC2...DiffInVEx mutation table 
ZEB1...DiffInVEx selection coefficients 
TET1...DiffInVEx selection coefficients 
TSC2...DiffInVEx selection coefficients 
ZNF331...DiffInVEx gene data 
ZNF331...DiffInVEx mutation table 
TFPT...DiffInVEx gene data 
TFPT...DiffInVEx mutation table 
ZNF521...DiffInVEx gene data 
ZNF521...DiffInVEx mutation table 
THRAP3...DiffInVEx gene data 
THRAP3...DiffInVEx mutation table 
UBR5...DiffInVEx gene data 
UBR5...DiffInVEx mutation table 
USP8...DiffInVEx gene data 
USP8...DiffInVEx mutation table 
THRAP3...DiffInVEx selection coefficients 
USP8...DiffInVEx selection coefficients 
TMEM127...DiffInVEx gene data 
TMEM127...DiffInVEx mutation table 
WNK2...DiffInVEx gene data 
WNK2...DiffInVEx mutation table 
TNFRSF17...DiffInVEx gene data 
TNFRSF17...DiffInVEx mutation table 
XPA...DiffInVEx gene data 
XPA...DiffInVEx mutation table 
ZBTB16...DiffInVEx gene data 
ZBTB16...DiffInVEx mutation table 
TNFRSF17...DiffInVEx selection coefficients 
ZBTB16...DiffInVEx selection coefficients 
TPM4...DiffInVEx gene data 
TPM4...DiffInVEx mutation table 
TRIM24...DiffInVEx gene data 
TRIM24...DiffInVEx mutation table 
ZCCHC8...DiffInVEx gene data 
ZCCHC8...DiffInVEx mutation table 
TRRAP...DiffInVEx gene data 
TRRAP...DiffInVEx mutation table 
TXNIP...DiffInVEx gene data 
TXNIP...DiffInVEx mutation table 
ZCCHC8...DiffInVEx selection coefficients 
TXNIP...DiffInVEx selection coefficients 
ZNF133...DiffInVEx gene data 
ZNF133...DiffInVEx mutation table 
ZNF479...DiffInVEx gene data 
ZNF479...DiffInVEx mutation table 
USP44...DiffInVEx gene data 
USP44...DiffInVEx mutation table 
USP44...DiffInVEx selection coefficients 
VTI1A...DiffInVEx gene data 
VTI1A...DiffInVEx mutation table 
VTI1A...DiffInVEx selection coefficients 
WT1...DiffInVEx gene data 
WT1...DiffInVEx mutation table 
WT1...DiffInVEx selection coefficients 
XPO1...DiffInVEx gene data 
XPO1...DiffInVEx mutation table 
ZBTB7B...DiffInVEx gene data 
ZBTB7B...DiffInVEx mutation table 
ZBTB7B...DiffInVEx selection coefficients 
ZFHX3...DiffInVEx gene data 
ZFHX3...DiffInVEx mutation table 
ZFHX3...DiffInVEx selection coefficients 
ZNF384...DiffInVEx gene data 
ZNF384...DiffInVEx mutation table 
ZNF384...DiffInVEx selection coefficients 
ZNF750...DiffInVEx gene data 
ZNF750...DiffInVEx mutation table 
Time difference of 16.93609 secs
